# JRE version: Java(TM) SE Runtime Environment (8.0_40-b26) (build 1.8.0_40-b26)
# Java VM: Java HotSpot(TM) Client VM (25.40-b25 mixed mode windows-x86 )
Heap:
 def new generation   total 4928K, used 4336K [0x05000000, 0x05550000, 0x0a550000)
  eden space 4416K,  86% used [0x05000000, 0x053bc258, 0x05450000)
  from space 512K, 100% used [0x05450000, 0x054d0000, 0x054d0000)
  to   space 512K,   0% used [0x054d0000, 0x054d0000, 0x05550000)
 tenured generation   total 10944K, used 1247K [0x0a550000, 0x0b000000, 0x15000000)
   the space 10944K,  11% used [0x0a550000, 0x0a687e10, 0x0a688000, 0x0b000000)
 Metaspace       used 4408K, capacity 4417K, committed 4480K, reserved 4480K
GC Heap History (4 events):
Event: 0.319 GC heap before
{Heap before GC invocations=0 (full 0):
 def new generation   total 4928K, used 4416K [0x05000000, 0x05550000, 0x0a550000)
  eden space 4416K, 100% used [0x05000000, 0x05450000, 0x05450000)
  from space 512K,   0% used [0x05450000, 0x05450000, 0x054d0000)
  to   space 512K,   0% used [0x054d0000, 0x054d0000, 0x05550000)
 tenured generation   total 10944K, used 0K [0x0a550000, 0x0b000000, 0x15000000)
   the space 10944K,   0% used [0x0a550000, 0x0a550000, 0x0a550200, 0x0b000000)
 Metaspace       used 2731K, capacity 2768K, committed 2880K, reserved 4480K
Event: 0.321 GC heap after
Heap after GC invocations=1 (full 0):
 def new generation   total 4928K, used 512K [0x05000000, 0x05550000, 0x0a550000)
  eden space 4416K,   0% used [0x05000000, 0x05000000, 0x05450000)
  from space 512K, 100% used [0x054d0000, 0x05550000, 0x05550000)
  to   space 512K,   0% used [0x05450000, 0x05450000, 0x054d0000)
 tenured generation   total 10944K, used 443K [0x0a550000, 0x0b000000, 0x15000000)
   the space 10944K,   4% used [0x0a550000, 0x0a5bed18, 0x0a5bee00, 0x0b000000)
 Metaspace       used 2731K, capacity 2768K, committed 2880K, reserved 4480K
}
Event: 0.641 GC heap before
{Heap before GC invocations=1 (full 0):
 def new generation   total 4928K, used 4928K [0x05000000, 0x05550000, 0x0a550000)
  eden space 4416K, 100% used [0x05000000, 0x05450000, 0x05450000)
  from space 512K, 100% used [0x054d0000, 0x05550000, 0x05550000)
  to   space 512K,   0% used [0x05450000, 0x05450000, 0x054d0000)
 tenured generation   total 10944K, used 443K [0x0a550000, 0x0b000000, 0x15000000)
   the space 10944K,   4% used [0x0a550000, 0x0a5bed18, 0x0a5bee00, 0x0b000000)
 Metaspace       used 3764K, capacity 3809K, committed 3904K, reserved 4480K
Event: 0.644 GC heap after
Heap after GC invocations=2 (full 0):
 def new generation   total 4928K, used 512K [0x05000000, 0x05550000, 0x0a550000)
  eden space 4416K,   0% used [0x05000000, 0x05000000, 0x05450000)
  from space 512K, 100% used [0x05450000, 0x054d0000, 0x054d0000)
  to   space 512K,   0% used [0x054d0000, 0x054d0000, 0x05550000)
 tenured generation   total 10944K, used 1247K [0x0a550000, 0x0b000000, 0x15000000)
   the space 10944K,  11% used [0x0a550000, 0x0a687e10, 0x0a688000, 0x0b000000)
 Metaspace       used 3764K, capacity 3809K, committed 3904K, reserved 4480K
}

