# JRE version: Java(TM) SE Runtime Environment (8.0_40-b26) (build 1.8.0_40-b26)
# Java VM: Java HotSpot(TM) Client VM (25.40-b25 mixed mode windows-x86 )
Heap:
 def new generation   total 4928K, used 4342K [0x04e00000, 0x05350000, 0x0a350000)
  eden space 4416K,  86% used [0x04e00000, 0x051bd900, 0x05250000)
  from space 512K, 100% used [0x05250000, 0x052d0000, 0x052d0000)
  to   space 512K,   0% used [0x052d0000, 0x052d0000, 0x05350000)
 tenured generation   total 10944K, used 1246K [0x0a350000, 0x0ae00000, 0x14e00000)
   the space 10944K,  11% used [0x0a350000, 0x0a487aa0, 0x0a487c00, 0x0ae00000)
 Metaspace       used 4408K, capacity 4417K, committed 4480K, reserved 4480K
GC Heap History (4 events):
Event: 0.323 GC heap before
{Heap before GC invocations=0 (full 0):
 def new generation   total 4928K, used 4416K [0x04e00000, 0x05350000, 0x0a350000)
  eden space 4416K, 100% used [0x04e00000, 0x05250000, 0x05250000)
  from space 512K,   0% used [0x05250000, 0x05250000, 0x052d0000)
  to   space 512K,   0% used [0x052d0000, 0x052d0000, 0x05350000)
 tenured generation   total 10944K, used 0K [0x0a350000, 0x0ae00000, 0x14e00000)
   the space 10944K,   0% used [0x0a350000, 0x0a350000, 0x0a350200, 0x0ae00000)
 Metaspace       used 2731K, capacity 2768K, committed 2880K, reserved 4480K
Event: 0.325 GC heap after
Heap after GC invocations=1 (full 0):
 def new generation   total 4928K, used 512K [0x04e00000, 0x05350000, 0x0a350000)
  eden space 4416K,   0% used [0x04e00000, 0x04e00000, 0x05250000)
  from space 512K, 100% used [0x052d0000, 0x05350000, 0x05350000)
  to   space 512K,   0% used [0x05250000, 0x05250000, 0x052d0000)
 tenured generation   total 10944K, used 443K [0x0a350000, 0x0ae00000, 0x14e00000)
   the space 10944K,   4% used [0x0a350000, 0x0a3becb8, 0x0a3bee00, 0x0ae00000)
 Metaspace       used 2731K, capacity 2768K, committed 2880K, reserved 4480K
}
Event: 0.636 GC heap before
{Heap before GC invocations=1 (full 0):
 def new generation   total 4928K, used 4928K [0x04e00000, 0x05350000, 0x0a350000)
  eden space 4416K, 100% used [0x04e00000, 0x05250000, 0x05250000)
  from space 512K, 100% used [0x052d0000, 0x05350000, 0x05350000)
  to   space 512K,   0% used [0x05250000, 0x05250000, 0x052d0000)
 tenured generation   total 10944K, used 443K [0x0a350000, 0x0ae00000, 0x14e00000)
   the space 10944K,   4% used [0x0a350000, 0x0a3becb8, 0x0a3bee00, 0x0ae00000)
 Metaspace       used 3764K, capacity 3809K, committed 3904K, reserved 4480K
Event: 0.640 GC heap after
Heap after GC invocations=2 (full 0):
 def new generation   total 4928K, used 512K [0x04e00000, 0x05350000, 0x0a350000)
  eden space 4416K,   0% used [0x04e00000, 0x04e00000, 0x05250000)
  from space 512K, 100% used [0x05250000, 0x052d0000, 0x052d0000)
  to   space 512K,   0% used [0x052d0000, 0x052d0000, 0x05350000)
 tenured generation   total 10944K, used 1246K [0x0a350000, 0x0ae00000, 0x14e00000)
   the space 10944K,  11% used [0x0a350000, 0x0a487aa0, 0x0a487c00, 0x0ae00000)
 Metaspace       used 3764K, capacity 3809K, committed 3904K, reserved 4480K
}

