# JRE version: Java(TM) SE Runtime Environment (8.0_131-b11) (build 1.8.0_131-b11)
# Java VM: Java HotSpot(TM) Client VM (25.131-b11 mixed mode windows-x86 )
Heap:
 def new generation   total 4928K, used 3955K [0x06600000, 0x06b50000, 0x0bb50000)
  eden space 4416K,  77% used [0x06600000, 0x0695ccd0, 0x06a50000)
  from space 512K, 100% used [0x06ad0000, 0x06b50000, 0x06b50000)
  to   space 512K,   0% used [0x06a50000, 0x06a50000, 0x06ad0000)
 tenured generation   total 10944K, used 1950K [0x0bb50000, 0x0c600000, 0x16600000)
   the space 10944K,  17% used [0x0bb50000, 0x0bd37818, 0x0bd37a00, 0x0c600000)
 Metaspace       used 4561K, capacity 4580K, committed 4608K, reserved 5504K
GC Heap History (6 events):
Event: 0.460 GC heap before
{Heap before GC invocations=0 (full 0):
 def new generation   total 4928K, used 4416K [0x06600000, 0x06b50000, 0x0bb50000)
  eden space 4416K, 100% used [0x06600000, 0x06a50000, 0x06a50000)
  from space 512K,   0% used [0x06a50000, 0x06a50000, 0x06ad0000)
  to   space 512K,   0% used [0x06ad0000, 0x06ad0000, 0x06b50000)
 tenured generation   total 10944K, used 0K [0x0bb50000, 0x0c600000, 0x16600000)
   the space 10944K,   0% used [0x0bb50000, 0x0bb50000, 0x0bb50200, 0x0c600000)
 Metaspace       used 2867K, capacity 2896K, committed 3008K, reserved 4480K
Event: 0.463 GC heap after
Heap after GC invocations=1 (full 0):
 def new generation   total 4928K, used 512K [0x06600000, 0x06b50000, 0x0bb50000)
  eden space 4416K,   0% used [0x06600000, 0x06600000, 0x06a50000)
  from space 512K, 100% used [0x06ad0000, 0x06b50000, 0x06b50000)
  to   space 512K,   0% used [0x06a50000, 0x06a50000, 0x06ad0000)
 tenured generation   total 10944K, used 348K [0x0bb50000, 0x0c600000, 0x16600000)
   the space 10944K,   3% used [0x0bb50000, 0x0bba70c0, 0x0bba7200, 0x0c600000)
 Metaspace       used 2867K, capacity 2896K, committed 3008K, reserved 4480K
}
Event: 0.745 GC heap before
{Heap before GC invocations=1 (full 0):
 def new generation   total 4928K, used 4928K [0x06600000, 0x06b50000, 0x0bb50000)
  eden space 4416K, 100% used [0x06600000, 0x06a50000, 0x06a50000)
  from space 512K, 100% used [0x06ad0000, 0x06b50000, 0x06b50000)
  to   space 512K,   0% used [0x06a50000, 0x06a50000, 0x06ad0000)
 tenured generation   total 10944K, used 348K [0x0bb50000, 0x0c600000, 0x16600000)
   the space 10944K,   3% used [0x0bb50000, 0x0bba70c0, 0x0bba7200, 0x0c600000)
 Metaspace       used 3873K, capacity 3905K, committed 4032K, reserved 4480K
Event: 0.755 GC heap after
Heap after GC invocations=2 (full 0):
 def new generation   total 4928K, used 511K [0x06600000, 0x06b50000, 0x0bb50000)
  eden space 4416K,   0% used [0x06600000, 0x06600000, 0x06a50000)
  from space 512K,  99% used [0x06a50000, 0x06acfff8, 0x06ad0000)
  to   space 512K,   0% used [0x06ad0000, 0x06ad0000, 0x06b50000)
 tenured generation   total 10944K, used 1147K [0x0bb50000, 0x0c600000, 0x16600000)
   the space 10944K,  10% used [0x0bb50000, 0x0bc6ec58, 0x0bc6ee00, 0x0c600000)
 Metaspace       used 3873K, capacity 3905K, committed 4032K, reserved 4480K
}
Event: 11.744 GC heap before
{Heap before GC invocations=2 (full 0):
 def new generation   total 4928K, used 4890K [0x06600000, 0x06b50000, 0x0bb50000)
  eden space 4416K,  99% used [0x06600000, 0x06a46a40, 0x06a50000)
  from space 512K,  99% used [0x06a50000, 0x06acfff8, 0x06ad0000)
  to   space 512K,   0% used [0x06ad0000, 0x06ad0000, 0x06b50000)
 tenured generation   total 10944K, used 1147K [0x0bb50000, 0x0c600000, 0x16600000)
   the space 10944K,  10% used [0x0bb50000, 0x0bc6ec58, 0x0bc6ee00, 0x0c600000)
 Metaspace       used 4453K, capacity 4513K, committed 4608K, reserved 5504K
Event: 11.746 GC heap after
Heap after GC invocations=3 (full 0):
 def new generation   total 4928K, used 512K [0x06600000, 0x06b50000, 0x0bb50000)
  eden space 4416K,   0% used [0x06600000, 0x06600000, 0x06a50000)
  from space 512K, 100% used [0x06ad0000, 0x06b50000, 0x06b50000)
  to   space 512K,   0% used [0x06a50000, 0x06a50000, 0x06ad0000)
 tenured generation   total 10944K, used 1950K [0x0bb50000, 0x0c600000, 0x16600000)
   the space 10944K,  17% used [0x0bb50000, 0x0bd37818, 0x0bd37a00, 0x0c600000)
 Metaspace       used 4453K, capacity 4513K, committed 4608K, reserved 5504K
}

